<?xml version="1.0" encoding="UTF-8"?>
<beans xmlns="http://www.springframework.org/schema/beans"
	xmlns:xsi="http://www.w3.org/2001/XMLSchema-instance" xmlns:context="http://www.springframework.org/schema/context"
	xmlns:tx="http://www.springframework.org/schema/tx" xmlns:jee="http://www.springframework.org/schema/jee"
	xsi:schemaLocation="http://www.springframework.org/schema/beans http://www.springframework.org/schema/beans/spring-beans.xsd
       http://www.springframework.org/schema/context http://www.springframework.org/schema/context/spring-context.xsd
       http://www.springframework.org/schema/tx http://www.springframework.org/schema/tx/spring-tx.xsd
       http://www.springframework.org/schema/jee http://www.springframework.org/schema/jee/spring-jee.xsd">


    <import resource="application-context-ui.xml" />

    <!--<bean id="dataSource" class="org.apache.commons.dbcp.BasicDataSource">
        <property name="driverClassName" value="org.h2.Driver" />
        <property name="url" value="jdbc:h2:mem:bfl;DB_CLOSE_DELAY=1000" />
        <property name="username" value="sa" />
        <property name="password" value="" />
        <property name="defaultAutoCommit" value="true" />
    </bean>-->

    <!--<bean id="dbUnitDatabaseConfig" class="com.github.springtestdbunit.bean.DatabaseConfigBean">
        <property name="skipOracleRecyclebinTables" value="true"/>
    </bean>

    <bean id="dbUnitDatabaseConnection" class="com.github.springtestdbunit.bean.DatabaseDataSourceConnectionFactoryBean">
        <property name="databaseConfig" ref="dbUnitDatabaseConfig"/>
    </bean>-->


</beans>
